<?xml version="1.0" encoding="UTF-8"?>
<!-- Generated by org.testng.reporters.JUnitReportReporter -->
<testsuite skipped="0" hostname="RCAS002" name="FlightFollowing.UnitDisplayOption" tests="3" failures="0" timestamp="04 Sep 2019 09:49:13 GMT" time="62.982" errors="0">
  <testcase name="verifyHomepageTitle" time="15.688" classname="FlightFollowing.UnitDisplayOption"/>
  <testcase name="VerifyLoadDataWindow" time="30.062" classname="FlightFollowing.UnitDisplayOption"/>
  <testcase name="VerifyAircraftClick" time="17.232" classname="FlightFollowing.UnitDisplayOption"/>
</testsuite> <!-- FlightFollowing.UnitDisplayOption -->
